24-05-2023 | 12:59:55.969 | INFO  | 55 | logStarting | c.p.u.UserApplication | Starting UserApplication using Java 17.0.6 on PI-IN-L4 with PID 15733 (/home/User-L4/Documents/workspace-spring-tool-suite-4-4.18.0.RELEASE/User/target/classes started by User-L4 in /home/User-L4/Documents/workspace-spring-tool-suite-4-4.18.0.RELEASE/User)
24-05-2023 | 12:59:55.972 | INFO  | 631 | logStartupProfileInfo | c.p.u.UserApplication | No active profile set, falling back to 1 default profile: "default"
24-05-2023 | 12:59:56.031 | INFO  | 255 | logTo | o.s.b.d.e.DevToolsPropertyDefaultsPostProcessor | Devtools property defaults active! Set 'spring.devtools.add-properties' to 'false' to disable
24-05-2023 | 12:59:56.032 | INFO  | 255 | logTo | o.s.b.d.e.DevToolsPropertyDefaultsPostProcessor | For additional web related logging consider setting the 'logging.level.web' property to 'DEBUG'
24-05-2023 | 12:59:56.777 | INFO  | 132 | registerRepositoriesIn | o.s.d.r.c.RepositoryConfigurationDelegate | Bootstrapping Spring Data JPA repositories in DEFAULT mode.
24-05-2023 | 12:59:56.829 | INFO  | 201 | registerRepositoriesIn | o.s.d.r.c.RepositoryConfigurationDelegate | Finished Spring Data repository scanning in 41 ms. Found 1 JPA repository interfaces.
24-05-2023 | 12:59:57.385 | INFO  | 108 | initialize | o.s.b.w.e.t.TomcatWebServer | Tomcat initialized with port(s): 8080 (http)
24-05-2023 | 12:59:57.399 | INFO  | 173 | log | o.a.c.c.StandardService | Starting service [Tomcat]
24-05-2023 | 12:59:57.399 | INFO  | 173 | log | o.a.c.c.StandardEngine | Starting Servlet engine: [Apache Tomcat/9.0.74]
24-05-2023 | 12:59:57.458 | INFO  | 173 | log | o.a.c.c.C.[.[.[/] | Initializing Spring embedded WebApplicationContext
24-05-2023 | 12:59:57.458 | INFO  | 292 | prepareWebApplicationContext | o.s.b.w.s.c.ServletWebServerApplicationContext | Root WebApplicationContext: initialization completed in 1425 ms
24-05-2023 | 12:59:57.621 | INFO  | 31 | logPersistenceUnitInformation | o.h.j.i.u.LogHelper | HHH000204: Processing PersistenceUnitInfo [name: default]
24-05-2023 | 12:59:57.661 | INFO  | 44 | logVersion | o.h.Version | HHH000412: Hibernate ORM core version 5.6.15.Final
24-05-2023 | 12:59:57.787 | INFO  | 56 | <clinit> | o.h.a.c.Version | HCANN000001: Hibernate Commons Annotations {5.1.2.Final}
24-05-2023 | 12:59:57.873 | INFO  | 110 | getConnection | c.z.h.HikariDataSource | HikariPool-1 - Starting...
24-05-2023 | 12:59:58.207 | INFO  | 123 | getConnection | c.z.h.HikariDataSource | HikariPool-1 - Start completed.
24-05-2023 | 12:59:58.242 | INFO  | 175 | <init> | o.h.d.Dialect | HHH000400: Using dialect: org.hibernate.dialect.MySQL8Dialect
24-05-2023 | 12:59:58.921 | INFO  | 52 | initiateService | o.h.e.t.j.p.i.JtaPlatformInitiator | HHH000490: Using JtaPlatform implementation: [org.hibernate.engine.transaction.jta.platform.internal.NoJtaPlatform]
24-05-2023 | 12:59:58.930 | INFO  | 437 | buildNativeEntityManagerFactory | o.s.o.j.LocalContainerEntityManagerFactoryBean | Initialized JPA EntityManagerFactory for persistence unit 'default'
24-05-2023 | 12:59:59.341 | WARN  | 223 | openEntityManagerInViewInterceptor | o.s.b.a.o.j.JpaBaseConfiguration$JpaWebConfiguration | spring.jpa.open-in-view is enabled by default. Therefore, database queries may be performed during view rendering. Explicitly configure spring.jpa.open-in-view to disable this warning
24-05-2023 | 13:00:00.053 | INFO  | 59 | startServer | o.s.b.d.a.OptionalLiveReloadServer | LiveReload server is running on port 35729
24-05-2023 | 13:00:00.098 | INFO  | 220 | start | o.s.b.w.e.t.TomcatWebServer | Tomcat started on port(s): 8080 (http) with context path ''
24-05-2023 | 13:00:00.111 | INFO  | 61 | logStarted | c.p.u.UserApplication | Started UserApplication in 4.515 seconds (JVM running for 5.307)
24-05-2023 | 13:00:05.061 | INFO  | 173 | log | o.a.c.c.C.[.[.[/] | Initializing Spring DispatcherServlet 'dispatcherServlet'
24-05-2023 | 13:00:05.061 | INFO  | 525 | initServletBean | o.s.w.s.DispatcherServlet | Initializing Servlet 'dispatcherServlet'
24-05-2023 | 13:00:05.063 | INFO  | 547 | initServletBean | o.s.w.s.DispatcherServlet | Completed initialization in 2 ms
24-05-2023 | 13:00:05.123 | INFO  | 29 | getAllUsers | c.p.u.s.i.UserServiceImpl | The method getAllUsers has been called
24-05-2023 | 13:00:05.401 | DEBUG | 35 | getAllUsers | c.p.u.s.i.UserServiceImpl | The displayed details:
[id:1  name:senthil  email:senthil@123  mobileNo:6380168496  userName:senthil  roleId:1  auditingId:1  isActive:true  isDeleted:false, id:6  name:senthil33  email:senthil@1233  mobileNo:63801684963  userName:senthil3  roleId:1  auditingId:1  isActive:true  isDeleted:false]
24-05-2023 | 13:00:05.401 | INFO  | 37 | getAllUsers | c.p.u.s.i.UserServiceImpl | The method getAllUsers has been ended
24-05-2023 | 13:02:05.649 | INFO  | 211 | onApplicationEvent | o.s.b.d.a.LocalDevToolsAutoConfiguration$RestartingClassPathChangeChangedEventListener | Restarting due to 15 class path changes (0 additions, 15 deletions, 0 modifications)
24-05-2023 | 13:02:05.655 | INFO  | 173 | log | o.a.c.c.StandardService | Stopping service [Tomcat]
24-05-2023 | 13:02:05.657 | INFO  | 173 | log | o.a.c.c.C.[.[.[/] | Destroying Spring FrameworkServlet 'dispatcherServlet'
24-05-2023 | 13:02:05.665 | INFO  | 651 | destroy | o.s.o.j.LocalContainerEntityManagerFactoryBean | Closing JPA EntityManagerFactory for persistence unit 'default'
24-05-2023 | 13:02:05.669 | INFO  | 350 | close | c.z.h.HikariDataSource | HikariPool-1 - Shutdown initiated...
24-05-2023 | 13:02:05.677 | INFO  | 352 | close | c.z.h.HikariDataSource | HikariPool-1 - Shutdown completed.
